<?xml version="1.0" encoding="UTF-8"?>
<!-- Generated by org.testng.reporters.JUnitXMLReporter -->
<testsuite ignored="0" hostname="DESKTOP-MDNVA85" failures="0" tests="2" name="Test" time="0.206" errors="0" timestamp="2022-11-04T07:13:57 IST">
  <testcase classname="com.app.base.TestNGSampleAdactinTast" name="@BeforeClass BeforeClass" time="0.097">
    <failure type="java.lang.IllegalStateException" message="The driver executable does not exist: C:\Users\Administrator\Documents\Java Documents\Project\Oct_Sample2\Driver\chromedriver.exe">
      <![CDATA[java.lang.IllegalStateException: The driver executable does not exist: C:\Users\Administrator\Documents\Java Documents\Project\Oct_Sample2\Driver\chromedriver.exe
at com.google.common.base.Preconditions.checkState(Preconditions.java:585)
at org.openqa.selenium.remote.service.DriverService.checkExecutable(DriverService.java:146)
at org.openqa.selenium.remote.service.DriverService.findExecutable(DriverService.java:141)
at org.openqa.selenium.chrome.ChromeDriverService.access$000(ChromeDriverService.java:35)
at org.openqa.selenium.chrome.ChromeDriverService$Builder.findDefaultExecutable(ChromeDriverService.java:159)
at org.openqa.selenium.remote.service.DriverService$Builder.build(DriverService.java:355)
at org.openqa.selenium.chrome.ChromeDriverService.createDefaultService(ChromeDriverService.java:94)
at org.openqa.selenium.chrome.ChromeDriver.<init>(ChromeDriver.java:123)
at com.app.base.BaseClass.browserlaunch(BaseClass.java:25)
at com.app.base.TestNGSampleAdactinTast.BeforeClass(TestNGSampleAdactinTast.java:26)
at java.base/java.util.ArrayList.forEach(ArrayList.java:1511)
... Removed 25 stack frames]]>
    </failure>
  </testcase> <!-- @BeforeClass BeforeClass -->
  <testcase classname="com.app.base.TestNGSampleAdactinTast" name="@BeforeMethod BeforeMethod" time="-1.667526237673E9">
    <skipped/>
  </testcase> <!-- @BeforeMethod BeforeMethod -->
  <testcase classname="com.app.base.TestNGSampleAdactinTast" name="@AfterMethod AfterMethod" time="-1.667526237695E9">
    <skipped/>
  </testcase> <!-- @AfterMethod AfterMethod -->
  <testcase classname="com.app.base.TestNGSampleAdactinTast" name="@BeforeMethod BeforeMethod" time="-1.667526237703E9">
    <skipped/>
  </testcase> <!-- @BeforeMethod BeforeMethod -->
  <testcase classname="com.app.base.TestNGSampleAdactinTast" name="@AfterMethod AfterMethod" time="-1.667526237713E9">
    <skipped/>
  </testcase> <!-- @AfterMethod AfterMethod -->
  <testcase classname="com.app.base.TestNGSampleAdactinTast" name="Test1" time="0.0">
    <skipped/>
  </testcase> <!-- Test1 -->
  <testcase classname="com.app.base.TestNGSampleAdactinTast" name="Test2" time="0.0">
    <skipped/>
  </testcase> <!-- Test2 -->
</testsuite> <!-- Test -->
